<?xml version="1.0" encoding="UTF-8"?>
<!-- Generated by org.testng.reporters.JUnitReportReporter -->
<testsuite skipped="0" hostname="LAPTOP-DVJDDLRA" name="com.cts.tests.TestDashboard" tests="3" failures="0" timestamp="04 Apr 2020 08:41:10 GMT" time="16.952" errors="0">
  <testcase name="login" time="5.812" classname="com.cts.tests.TestDashboard"/>
  <testcase name="testleaves" time="8.533" classname="com.cts.tests.TestDashboard"/>
  <testcase name="login" time="2.607" classname="com.cts.tests.TestDashboard"/>
</testsuite> <!-- com.cts.tests.TestDashboard -->
