<?xml version="1.0" encoding="UTF-8"?>
<!-- Generated by org.testng.reporters.JUnitReportReporter -->
<testsuite skipped="0" hostname="LAPTOP-DVJDDLRA" name="com.cts.tests.TestLogoutpage" tests="3" failures="0" timestamp="02 Apr 2020 13:22:53 GMT" time="15.773" errors="0">
  <testcase name="login" time="5.389" classname="com.cts.tests.TestLogoutpage"/>
  <testcase name="testleaves" time="7.726" classname="com.cts.tests.TestLogoutpage"/>
  <testcase name="login" time="2.658" classname="com.cts.tests.TestLogoutpage"/>
</testsuite> <!-- com.cts.tests.TestLogoutpage -->
