<?xml version="1.0" encoding="UTF-8"?>
<!-- Generated by org.testng.reporters.JUnitReportReporter -->
<testsuite skipped="0" hostname="LAPTOP-DVJDDLRA" name="com.cts.tests.TestLeavesPage" tests="3" failures="0" timestamp="07 Apr 2020 03:47:57 GMT" time="20.568" errors="0">
  <testcase name="testleaves" time="14.374" classname="com.cts.tests.TestLeavesPage"/>
  <testcase name="login" time="2.970" classname="com.cts.tests.TestLeavesPage"/>
  <testcase name="login" time="3.224" classname="com.cts.tests.TestLeavesPage"/>
</testsuite> <!-- com.cts.tests.TestLeavesPage -->
