<?xml version="1.0" encoding="UTF-8"?>
<!-- Generated by org.testng.reporters.JUnitReportReporter -->
<testsuite skipped="0" hostname="LAPTOP-DVJDDLRA" name="com.cts.tests.TestMaintenancePage" tests="3" failures="0" timestamp="02 Apr 2020 13:11:16 GMT" time="19.445" errors="0">
  <testcase name="testleaves" time="10.332" classname="com.cts.tests.TestMaintenancePage"/>
  <testcase name="login" time="2.930" classname="com.cts.tests.TestMaintenancePage"/>
  <testcase name="login" time="6.183" classname="com.cts.tests.TestMaintenancePage"/>
</testsuite> <!-- com.cts.tests.TestMaintenancePage -->
