<?xml version="1.0" encoding="UTF-8"?>
<!-- Generated by org.testng.reporters.JUnitReportReporter -->
<testsuite skipped="0" hostname="LAPTOP-DVJDDLRA" name="com.cts.tests.TestMaintenancePage" tests="3" failures="0" timestamp="07 Apr 2020 03:47:57 GMT" time="16.877" errors="0">
  <testcase name="testmaintenance" time="10.246" classname="com.cts.tests.TestMaintenancePage"/>
  <testcase name="login" time="3.757" classname="com.cts.tests.TestMaintenancePage"/>
  <testcase name="login" time="2.874" classname="com.cts.tests.TestMaintenancePage"/>
</testsuite> <!-- com.cts.tests.TestMaintenancePage -->
