<?xml version="1.0" encoding="UTF-8"?>
<!-- Generated by org.testng.reporters.JUnitReportReporter -->
<testsuite skipped="0" hostname="LAPTOP-DVJDDLRA" name="com.cts.tests.TestAdminJobCategories" tests="3" failures="0" timestamp="07 Apr 2020 03:47:57 GMT" time="17.554" errors="0">
  <testcase name="login" time="5.480" classname="com.cts.tests.TestAdminJobCategories"/>
  <testcase name="testadmin" time="8.998" classname="com.cts.tests.TestAdminJobCategories"/>
  <testcase name="login" time="3.076" classname="com.cts.tests.TestAdminJobCategories"/>
</testsuite> <!-- com.cts.tests.TestAdminJobCategories -->
