<?xml version="1.0" encoding="UTF-8"?>
<!-- Generated by org.testng.reporters.JUnitReportReporter -->
<testsuite skipped="0" hostname="LAPTOP-DVJDDLRA" name="com.cts.tests.TestLoginPage" tests="2" failures="0" timestamp="07 Apr 2020 03:47:57 GMT" time="13.098" errors="0">
  <testcase name="login" time="5.925" classname="com.cts.tests.TestLoginPage"/>
  <testcase name="login" time="7.173" classname="com.cts.tests.TestLoginPage"/>
</testsuite> <!-- com.cts.tests.TestLoginPage -->
