<?xml version="1.0" encoding="UTF-8"?>
<!-- Generated by org.testng.reporters.JUnitReportReporter -->
<testsuite skipped="0" hostname="LAPTOP-DVJDDLRA" name="com.cts.tests.TestLoginPage" tests="2" failures="0" timestamp="04 Apr 2020 06:20:17 GMT" time="10.432" errors="0">
  <testcase name="login" time="2.284" classname="com.cts.tests.TestLoginPage"/>
  <testcase name="login" time="8.148" classname="com.cts.tests.TestLoginPage"/>
</testsuite> <!-- com.cts.tests.TestLoginPage -->
