<?xml version="1.0" encoding="UTF-8"?>
<!-- Generated by org.testng.reporters.JUnitReportReporter -->
<testsuite skipped="0" hostname="LAPTOP-DVJDDLRA" name="com.cts.tests.TestLeavesPage" tests="3" failures="0" timestamp="02 Apr 2020 13:11:17 GMT" time="28.198" errors="0">
  <testcase name="login" time="8.942" classname="com.cts.tests.TestLeavesPage"/>
  <testcase name="testleaves" time="14.817" classname="com.cts.tests.TestLeavesPage"/>
  <testcase name="login" time="4.439" classname="com.cts.tests.TestLeavesPage"/>
</testsuite> <!-- com.cts.tests.TestLeavesPage -->
