<?xml version="1.0" encoding="UTF-8"?>
<!-- Generated by org.testng.reporters.JUnitReportReporter -->
<testsuite skipped="0" hostname="LAPTOP-DVJDDLRA" name="com.cts.tests.TestDashboard" tests="3" failures="0" timestamp="07 Apr 2020 03:47:57 GMT" time="15.729" errors="0">
  <testcase name="login" time="2.861" classname="com.cts.tests.TestDashboard"/>
  <testcase name="testleaves" time="7.637" classname="com.cts.tests.TestDashboard"/>
  <testcase name="login" time="5.231" classname="com.cts.tests.TestDashboard"/>
</testsuite> <!-- com.cts.tests.TestDashboard -->
