<?xml version="1.0" encoding="UTF-8"?>
<!-- Generated by org.testng.reporters.JUnitReportReporter -->
<testsuite skipped="0" hostname="LAPTOP-DVJDDLRA" name="com.cts.tests.TestAdminJobCategories" tests="3" failures="0" timestamp="02 Apr 2020 13:11:16 GMT" time="24.034" errors="0">
  <testcase name="testadmin" time="9.428" classname="com.cts.tests.TestAdminJobCategories"/>
  <testcase name="login" time="9.502" classname="com.cts.tests.TestAdminJobCategories"/>
  <testcase name="login" time="5.104" classname="com.cts.tests.TestAdminJobCategories"/>
</testsuite> <!-- com.cts.tests.TestAdminJobCategories -->
