<?xml version="1.0" encoding="UTF-8"?>
<!-- Generated by org.testng.reporters.JUnitReportReporter -->
<testsuite skipped="0" hostname="LAPTOP-DVJDDLRA" name="com.cts.tests.TestLogoutpage" tests="3" failures="0" timestamp="07 Apr 2020 03:47:57 GMT" time="17.597" errors="0">
  <testcase name="login" time="6.995" classname="com.cts.tests.TestLogoutpage"/>
  <testcase name="testlogout" time="7.852" classname="com.cts.tests.TestLogoutpage"/>
  <testcase name="login" time="2.750" classname="com.cts.tests.TestLogoutpage"/>
</testsuite> <!-- com.cts.tests.TestLogoutpage -->
