<?xml version="1.0" encoding="UTF-8"?>
<!-- Generated by org.testng.reporters.JUnitReportReporter -->
<testsuite skipped="0" hostname="LAPTOP-DVJDDLRA" name="com.cts.demoappt.TestDemoAUT" tests="2" failures="0" timestamp="30 Mar 2020 13:41:35 GMT" time="10.423" errors="0">
  <testcase name="test" time="4.807" classname="com.cts.demoappt.TestDemoAUT"/>
  <testcase name="test" time="5.616" classname="com.cts.demoappt.TestDemoAUT"/>
</testsuite> <!-- com.cts.demoappt.TestDemoAUT -->
