<?xml version="1.0" encoding="UTF-8"?>
<!-- Generated by org.testng.reporters.JUnitReportReporter -->
<testsuite skipped="0" hostname="LAPTOP-DVJDDLRA" name="com.bmw.Login" tests="1" failures="0" timestamp="15 Apr 2020 07:32:35 GMT" time="25.222" errors="0">
  <testcase name="bmw" time="25.222" classname="com.bmw.Login"/>
</testsuite> <!-- com.bmw.Login -->
